<?xml version="1.0" encoding="UTF-8"?>
<testsuite name="com.pcyeon07.calculator.CalculatorTest" tests="2" skipped="0" failures="0" errors="0" timestamp="2019-04-18T06:44:35" hostname="student-HP-ProDesk-400-G2-MT-TPM-DP" time="0.0">
  <properties/>
  <testcase name="testDif" classname="com.pcyeon07.calculator.CalculatorTest" time="0.0"/>
  <testcase name="testSum" classname="com.pcyeon07.calculator.CalculatorTest" time="0.0"/>
  <system-out><![CDATA[]]></system-out>
  <system-err><![CDATA[]]></system-err>
</testsuite>
